$ .venv/bin/python -m pytest
[1m============================= test session starts ==============================[0m
platform linux -- Python 3.12.3, pytest-9.1.0, pluggy-1.6.0
rootdir: /home/rabbir/Projects/dopilot
configfile: pyproject.toml
testpaths: apps/server/tests, apps/agent/tests, packages/protocol/tests
plugins: asyncio-1.4.0, anyio-4.14.0
asyncio: mode=Mode.AUTO, debug=False, asyncio_default_fixture_loop_scope=None, asyncio_default_test_loop_scope=function
collected 647 items

apps/server/tests/test_agent_token.py [32m.[0m[32m.[0m[32m.[0m[32m.[0m[32m.[0m[32m.[0m[32m.[0m[32m.[0m[32m.[0m[32m.[0m[32m.[0m[32m.[0m[32m.[0m[32m                      [  2%][0m
apps/server/tests/test_artifacts.py [32m.[0m[32m.[0m[32m.[0m[32m.[0m[32m.[0m[32m.[0m[32m.[0m[32m.[0m[32m.[0m[32m.[0m[32m.[0m[32m                          [  3%][0m
apps/server/tests/test_auth.py [32m.[0m[32m.[0m[32m.[0m[32m.[0m[32m.[0m[32m.[0m[32m.[0m[32m.[0m[32m.[0m[32m.[0m[32m.[0m[32m.[0m[32m                              [  5%][0m
apps/server/tests/test_builtin_artifacts.py [32m.[0m[32m.[0m[32m.[0m[32m.[0m[32m.[0m[32m.[0m[32m.[0m[32m                      [  6%][0m
apps/server/tests/test_config.py [32m.[0m[32m.[0m[32m.[0m[32m.[0m[32m.[0m[32m.[0m[32m.[0m[32m.[0m[32m.[0m[32m.[0m[32m.[0m[32m.[0m[32m.[0m[32m.[0m[32m.[0m[32m.[0m[32m.[0m[32m.[0m[32m.[0m[32m.[0m[32m.[0m[32m.[0m[32m.[0m[32m.[0m[32m.[0m[32m.[0m[32m.[0m[32m.[0m[32m.[0m[32m.[0m[32m.[0m[32m.[0m[32m.[0m[32m.[0m[32m.[0m[32m.[0m[32m    [ 12%][0m
apps/server/tests/test_dispatcher.py [32m.[0m[32m.[0m[32m.[0m[32m.[0m[32m.[0m[32m.[0m[32m.[0m[32m.[0m[32m                            [ 13%][0m
apps/server/tests/test_event_consumer.py [32m.[0m[32m.[0m[32m.[0m[32m.[0m[32m.[0m[32m.[0m[32m.[0m[32m.[0m[32m.[0m[32m.[0m[32m.[0m[32m.[0m[32m.[0m[32m.[0m[32m                  [ 15%][0m
apps/server/tests/test_executions.py [32m.[0m[32m.[0m[32m.[0m[32m.[0m[32m.[0m[32m.[0m[32m.[0m[32m.[0m[32m.[0m[32m.[0m[32m.[0m[32m.[0m[32m.[0m[32m.[0m[32m                      [ 17%][0m
apps/server/tests/test_executions_pagination.py [32m.[0m[32m.[0m[32m.[0m[32m.[0m[32m.[0m[32m.[0m[32m.[0m[32m.[0m[32m.[0m[32m.[0m[32m.[0m[32m.[0m[32m.[0m[32m.[0m[32m.[0m[32m.[0m[32m.[0m[32m.[0m[32m       [ 20%][0m
apps/server/tests/test_health.py [32m.[0m[32m.[0m[32m.[0m[32m                                     [ 21%][0m
apps/server/tests/test_heartbeat_api.py [32m.[0m[32m.[0m[32m.[0m[32m.[0m[32m.[0m[32m.[0m[32m                           [ 21%][0m
apps/server/tests/test_log_consumer.py [32m.[0m[32m.[0m[32m.[0m[32m.[0m[32m.[0m[32m.[0m[32m.[0m[32m.[0m[32m.[0m[32m.[0m[32m.[0m[32m                       [ 23%][0m
apps/server/tests/test_log_files.py [32m.[0m[32m.[0m[32m.[0m[32m.[0m[32m.[0m[32m.[0m[32m.[0m[32m.[0m[32m.[0m[32m.[0m[32m.[0m[32m.[0m[32m.[0m[32m.[0m[32m                       [ 25%][0m
apps/server/tests/test_maintenance.py [32m.[0m[32m.[0m[32m.[0m[32m.[0m[32m.[0m[32m.[0m[32m.[0m[32m.[0m[32m.[0m[32m.[0m[32m.[0m[32m.[0m[32m.[0m[32m.[0m[32m                     [ 27%][0m
apps/server/tests/test_node_ops.py [32m.[0m[32m.[0m[32m.[0m[32m.[0m[32m.[0m[32m.[0m[32m.[0m[32m.[0m[32m.[0m[32m.[0m[32m                            [ 29%][0m
apps/server/tests/test_node_selection.py [32m.[0m[32m.[0m[32m.[0m[32m.[0m[32m.[0m[32m.[0m[32m.[0m[32m.[0m[32m.[0m[32m.[0m[32m.[0m[32m.[0m[32m                    [ 31%][0m
apps/server/tests/test_nodes.py [32m.[0m[32m.[0m[32m.[0m[32m.[0m[32m                                     [ 31%][0m
apps/server/tests/test_outbox.py [32m.[0m[32m.[0m[32m.[0m[32m.[0m[32m.[0m[32m                                   [ 32%][0m
apps/server/tests/test_python_wheel.py [32m.[0m[32m.[0m[32m.[0m[32m.[0m[32m.[0m[32m.[0m[32m.[0m[32m.[0m[32m.[0m[32m.[0m[32m.[0m[32m.[0m[32m.[0m[32m.[0m[32m.[0m[32m                   [ 35%][0m
apps/server/tests/test_reconcile_redis.py [32m.[0m[32m.[0m[32m.[0m[32m.[0m[32m.[0m[32m.[0m[32m                         [ 36%][0m
apps/server/tests/test_redis_client.py [32m.[0m[32m                                 [ 36%][0m
apps/server/tests/test_redis_fake.py [32m.[0m[32m.[0m[32m.[0m[32m.[0m[32m.[0m[32m                               [ 36%][0m
apps/server/tests/test_resolve.py [32m.[0m[32m.[0m[32m.[0m[32m.[0m[32m.[0m[32m.[0m[32m.[0m[32m.[0m[32m.[0m[32m.[0m[32m.[0m[32m.[0m[32m.[0m[32m.[0m[32m.[0m[32m.[0m[32m                       [ 39%][0m
apps/server/tests/test_resource_limits.py [32m.[0m[32m.[0m[32m.[0m[32m.[0m[32m.[0m[32m.[0m[32m.[0m[32m.[0m[32m.[0m[32m.[0m[32m.[0m[32m.[0m[32m.[0m[32m.[0m[32m.[0m[32m.[0m[32m.[0m[32m.[0m[32m.[0m[32m.[0m[32m.[0m[32m.[0m[32m.[0m[32m        [ 42%][0m
apps/server/tests/test_resource_stats.py [32m.[0m[32m.[0m[32m.[0m[32m.[0m[32m.[0m[32m.[0m[32m.[0m[32m.[0m[32m.[0m[32m.[0m[32m.[0m[32m.[0m[32m.[0m[32m.[0m[32m.[0m[32m.[0m[32m.[0m[32m.[0m[32m.[0m[32m.[0m[32m.[0m[32m.[0m[32m.[0m[32m.[0m[32m.[0m[32m.[0m[32m.[0m[32m.[0m[32m.[0m[32m.[0m[32m.[0m[32m [ 47%]
[0m[32m.[0m[32m.[0m[32m.[0m[32m.[0m[32m.[0m[32m.[0m[32m.[0m[32m.[0m[32m.[0m[32m.[0m[32m.[0m[32m.[0m[32m.[0m[32m.[0m[32m.[0m[32m.[0m[32m.[0m[32m.[0m[33ms[0m[32m                                                      [ 50%][0m
apps/server/tests/test_scheduler_runner.py [32m.[0m[32m.[0m[32m.[0m[32m.[0m[32m.[0m[32m.[0m[32m.[0m[32m.[0m[32m.[0m[32m                     [ 52%][0m
apps/server/tests/test_schedules.py [32m.[0m[32m.[0m[32m.[0m[32m.[0m[32m.[0m[32m.[0m[32m.[0m[32m.[0m[32m.[0m[32m.[0m[32m.[0m[32m.[0m[32m.[0m[32m.[0m[32m.[0m[32m.[0m[32m.[0m[32m.[0m[32m.[0m[32m.[0m[32m.[0m[32m.[0m[32m.[0m[32m.[0m[32m             [ 55%][0m
apps/server/tests/test_sse.py [32m.[0m[32m.[0m[32m.[0m[32m.[0m[32m.[0m[32m.[0m[32m.[0m[32m.[0m[32m.[0m[32m.[0m[32m                                 [ 57%][0m
apps/server/tests/test_states.py [32m.[0m[32m.[0m[32m.[0m[32m.[0m[32m.[0m[32m.[0m[32m.[0m[32m.[0m[32m.[0m[32m.[0m[32m                              [ 58%][0m
apps/server/tests/test_stats_nextrun.py [32m.[0m[32m.[0m[32m.[0m[32m.[0m[32m.[0m[32m.[0m[32m.[0m[32m.[0m[32m                         [ 60%][0m
apps/server/tests/test_stream_token.py [32m.[0m[32m.[0m[32m.[0m[32m.[0m[32m.[0m[32m.[0m[32m                            [ 61%][0m
apps/server/tests/test_templates.py [32m.[0m[32m.[0m[32m.[0m[32m.[0m[32m.[0m[32m.[0m[32m.[0m[32m.[0m[32m.[0m[32m.[0m[32m.[0m[32m.[0m[32m.[0m[32m.[0m[32m.[0m[32m.[0m[32m.[0m[32m.[0m[32m.[0m[32m.[0m[32m.[0m[32m.[0m[32m.[0m[32m.[0m[32m.[0m[32m.[0m[32m           [ 65%][0m
apps/server/tests/test_web_static.py [32m.[0m[32m.[0m[32m.[0m[32m.[0m[32m                                [ 65%][0m
apps/agent/tests/test_command_consumer.py [32m.[0m[32m.[0m[32m.[0m[32m.[0m[32m.[0m[32m.[0m[32m.[0m[32m.[0m[32m.[0m[32m.[0m[32m.[0m[32m.[0m[32m.[0m[32m.[0m[32m.[0m[32m.[0m[32m.[0m[32m.[0m[32m.[0m[32m.[0m[32m.[0m[32m          [ 68%][0m
apps/agent/tests/test_config.py [32m.[0m[32m.[0m[32m.[0m[32m.[0m[32m.[0m[32m.[0m[32m.[0m[32m.[0m[32m.[0m[32m.[0m[32m.[0m[32m.[0m[32m.[0m[32m.[0m[32m.[0m[32m.[0m[32m.[0m[32m.[0m[32m.[0m[32m.[0m[32m.[0m[32m                    [ 72%][0m
apps/agent/tests/test_event_outbox.py [32m.[0m[32m.[0m[32m.[0m[32m.[0m[32m.[0m[32m.[0m[32m                             [ 73%][0m
apps/agent/tests/test_healthcheck.py [32m.[0m[32m.[0m[32m.[0m[32m.[0m[32m.[0m[32m                               [ 73%][0m
apps/agent/tests/test_heartbeat_worker.py [32m.[0m[32m.[0m[32m.[0m[32m.[0m[32m.[0m[32m.[0m[32m.[0m[32m.[0m[32m                       [ 75%][0m
apps/agent/tests/test_log_publisher.py [32m.[0m[32m.[0m[32m.[0m[32m.[0m[32m.[0m[32m                             [ 75%][0m
apps/agent/tests/test_main.py [32m.[0m[32m.[0m[32m                                         [ 76%][0m
apps/agent/tests/test_python_wheel.py [32m.[0m[32m.[0m[32m.[0m[32m.[0m[32m.[0m[32m.[0m[32m.[0m[32m.[0m[32m.[0m[32m.[0m[32m.[0m[32m.[0m[32m.[0m[32m.[0m[32m.[0m[32m.[0m[32m.[0m[32m.[0m[32m.[0m[32m.[0m[32m.[0m[32m.[0m[32m.[0m[32m.[0m[32m.[0m[32m          [ 80%][0m
apps/agent/tests/test_redis_client.py [32m.[0m[32m                                  [ 80%][0m
apps/agent/tests/test_resource_limits.py [32m.[0m[32m.[0m[32m.[0m[32m.[0m[32m.[0m[32m.[0m[32m.[0m[32m.[0m[32m.[0m[32m.[0m[32m.[0m[32m.[0m[32m.[0m[32m.[0m[32m.[0m[32m.[0m[32m.[0m[32m.[0m[32m.[0m[32m             [ 83%][0m
apps/agent/tests/test_runner.py [32m.[0m[32m.[0m[32m.[0m[32m.[0m[32m.[0m[32m.[0m[32m.[0m[32m.[0m[32m.[0m[32m.[0m[32m.[0m[32m.[0m[32m                             [ 85%][0m
apps/agent/tests/test_scrapyd_client.py [32m.[0m[32m.[0m[32m.[0m[32m.[0m[32m.[0m[32m.[0m[32m.[0m[32m                          [ 86%][0m
apps/agent/tests/test_scrapyd_process.py [32m.[0m[32m.[0m[32m.[0m[32m                             [ 86%][0m
apps/agent/tests/test_state_cas.py [32m.[0m[32m.[0m[32m.[0m[32m.[0m[32m.[0m[32m                                 [ 87%][0m
apps/agent/tests/test_state_store.py [32m.[0m[32m.[0m[32m.[0m[32m.[0m[32m.[0m[32m.[0m[32m.[0m[32m.[0m[32m.[0m[32m.[0m[32m.[0m[32m                         [ 89%][0m
packages/protocol/tests/test_agent_schemas.py [32m.[0m[32m.[0m[32m.[0m[32m.[0m[32m.[0m[32m                      [ 89%][0m
packages/protocol/tests/test_schemas.py [32m.[0m[32m.[0m[32m.[0m[32m.[0m[32m.[0m[32m.[0m[32m.[0m[32m.[0m[32m.[0m[32m.[0m[32m.[0m[32m                      [ 91%][0m
packages/protocol/tests/test_scrapy_command.py [32m.[0m[32m.[0m[32m.[0m[32m.[0m[32m.[0m[32m.[0m[32m.[0m[32m.[0m[32m.[0m[32m.[0m[32m.[0m[32m.[0m[32m.[0m[32m.[0m[32m.[0m[32m.[0m[32m.[0m[32m.[0m[32m.[0m[32m.[0m[32m.[0m[32m.[0m[32m.[0m[32m.[0m[32m.[0m[32m [ 95%]
[0m[32m.[0m[32m.[0m[32m.[0m[32m.[0m[32m.[0m[32m.[0m[32m.[0m[32m.[0m[32m.[0m[32m.[0m[32m.[0m[32m.[0m[32m.[0m[32m.[0m[32m                                                           [ 97%][0m
packages/protocol/tests/test_stream_schemas.py [32m.[0m[32m.[0m[32m.[0m[32m.[0m[32m.[0m[32m.[0m[32m.[0m[32m.[0m[32m.[0m[32m.[0m[32m.[0m[32m.[0m[32m.[0m[32m.[0m[32m.[0m[32m.[0m[32m          [100%][0m

[32m======================= [32m[1m646 passed[0m, [33m1 skipped[0m[32m in 29.18s[0m[32m ========================[0m
exit_code=0
